=== 自动提交脚本启动于 2026年 05月 24日 星期日 14:37:53 CST ===
目标: 提交 12 次
[main d51fbcc] chore: 无用的提交 #1 - 2026-05-24 14:37:53
 3 files changed, 5 insertions(+)
 create mode 100644 auto-commit.log
 create mode 100644 commit.log
 create mode 100644 counter.txt
[2026-05-24 14:37:53] 提交 #1 完成
等待 60 秒...
[main d83b926] chore: 无用的提交 #2 - 2026-05-24 14:38:53
 3 files changed, 10 insertions(+)
[2026-05-24 14:38:53] 提交 #2 完成
等待 60 秒...
[main 2c5e06a] chore: 无用的提交 #3 - 2026-05-24 14:39:53
 3 files changed, 7 insertions(+)
[2026-05-24 14:39:53] 提交 #3 完成
等待 60 秒...
[main 557d6b7] chore: 无用的提交 #4 - 2026-05-24 14:40:53
 3 files changed, 7 insertions(+)
[2026-05-24 14:40:53] 提交 #4 完成
等待 60 秒...
[main 6c9ef76] chore: 无用的提交 #5 - 2026-05-24 14:41:53
 3 files changed, 7 insertions(+)
[2026-05-24 14:41:53] 提交 #5 完成
等待 60 秒...
[main 699e894] chore: 无用的提交 #6 - 2026-05-24 14:42:53
 3 files changed, 7 insertions(+)
[2026-05-24 14:42:53] 提交 #6 完成
等待 60 秒...
[main 26f991b] chore: 无用的提交 #7 - 2026-05-24 14:43:53
 3 files changed, 7 insertions(+)
[2026-05-24 14:43:53] 提交 #7 完成
等待 60 秒...
[main 4069fc5] chore: 无用的提交 #8 - 2026-05-24 14:44:53
 3 files changed, 7 insertions(+)
[2026-05-24 14:44:53] 提交 #8 完成
等待 60 秒...
[main fef28ea] chore: 无用的提交 #9 - 2026-05-24 14:45:53
 3 files changed, 7 insertions(+)
[2026-05-24 14:45:53] 提交 #9 完成
等待 60 秒...
[main 8590111] chore: 无用的提交 #10 - 2026-05-24 14:46:53
 3 files changed, 7 insertions(+)
[2026-05-24 14:46:53] 提交 #10 完成
等待 60 秒...
[main ec5a03d] chore: 无用的提交 #11 - 2026-05-24 14:47:53
 3 files changed, 7 insertions(+)
[2026-05-24 14:47:53] 提交 #11 完成
等待 60 秒...
[main 49f3779] chore: 无用的提交 #12 - 2026-05-24 14:48:53
 3 files changed, 7 insertions(+)
[2026-05-24 14:48:53] 提交 #12 完成
=== 12次提交完成，推送到 GitHub ===
To https://github.com/linxiaoniano/useless-project.git
   6154d73..49f3779  main -> main
=== 全部完成！===
