=== 自动提交脚本启动于 2026年 05月 24日 星期日 14:37:53 CST ===
目标: 提交 12 次
[2026-05-24 14:37:53] 提交 #1 完成
等待 60 秒...
[2026-05-24 14:38:53] 提交 #2 完成
等待 60 秒...
[2026-05-24 14:39:53] 提交 #3 完成
等待 60 秒...
[2026-05-24 14:40:53] 提交 #4 完成
等待 60 秒...
[2026-05-24 14:41:53] 提交 #5 完成
等待 60 秒...
[2026-05-24 14:42:53] 提交 #6 完成
等待 60 秒...
[2026-05-24 14:43:53] 提交 #7 完成
等待 60 秒...
[2026-05-24 14:44:53] 提交 #8 完成
等待 60 秒...
[2026-05-24 14:45:53] 提交 #9 完成
等待 60 秒...
[2026-05-24 14:46:53] 提交 #10 完成
等待 60 秒...
[2026-05-24 14:47:53] 提交 #11 完成
等待 60 秒...
[2026-05-24 14:48:53] 提交 #12 完成
=== 12次提交完成，推送到 GitHub ===
To https://github.com/linxiaoniano/useless-project.git
   6154d73..49f3779  main -> main
=== 全部完成！===
